<?xml version="1.0" encoding="UTF-8"?>
<testng-results skipped="0" failed="0" ignored="0" total="1" passed="1">
  <reporter-output>
  </reporter-output>
  <suite name="Default suite" duration-ms="144665" started-at="2021-03-02T22:08:57 CST" finished-at="2021-03-02T22:11:22 CST">
    <groups>
    </groups>
    <test name="Default test" duration-ms="144665" started-at="2021-03-02T22:08:57 CST" finished-at="2021-03-02T22:11:22 CST">
      <class name="com.testcases.BrokenLinkTest">
        <test-method status="PASS" signature="FindBrokenLinksTest()[pri:0, instance:com.testcases.BrokenLinkTest@3dfc5fb8]" name="FindBrokenLinksTest" duration-ms="144600" started-at="2021-03-02T22:08:58 CST" finished-at="2021-03-02T22:11:22 CST">
          <reporter-output>
          </reporter-output>
        </test-method> <!-- FindBrokenLinksTest -->
      </class> <!-- com.testcases.BrokenLinkTest -->
    </test> <!-- Default test -->
  </suite> <!-- Default suite -->
</testng-results>
